0.0000000000
0.0000000000
0.4947200000
0.4967040000
0.4967360000
0.4978986667
0.4975253333
0.4987626667
0.4986453333
0.4990186667
0.4986986667
0.4985066667
0.4984853333
0.4984960000
0.4980266667
0.4980693333
0.4974080000
0.4979626667
0.4977813333
0.4973760000
0.4981226667
0.4978026667
0.4974933333
0.4972266667
0.4971093333
0.4972160000
0.4973440000
0.4968106667
0.4970240000
0.4972160000
0.4971093333
0.4969386667
0.4973973333
0.4967573333
0.4972266667
0.4974080000
0.4973546667
0.4967253333
0.4969173333
0.4970666667
0.4971733333
0.4968106667
0.4968960000
0.4968640000
0.4972586667
0.4968640000
0.4972693333
0.4969493333
0.4970560000
0.4969493333
0.4971413333
0.4973120000
0.4964693333
0.4966293333
0.4967680000
0.4965333333
0.4970133333
0.4968320000
0.4969920000
0.4967893333
0.4969173333
0.4965226667
0.4971413333
0.4963200000
0.4966826667
0.4971093333
0.4970133333
0.4964160000
0.4964480000
0.4961600000
0.4970880000
0.4963946667
0.4966826667
0.4963946667
0.4964266667
0.4966933333
0.4965333333
0.4963093333
0.4962560000
0.4961493333
