RANK	#EPOCH	EPOCH	IO	STAG	FW	BW	WU	ACC	LOG
[0]	0	431.1682748795	4.7421960831	7.3602414131	105.1463699341	0.0000000000	0.0000000000	0.0000000000	0.6402277946	4.0383186340
[0]	1	296.1504135132	31.9756774902	6.2752370834	107.9802093506	0.0000000000	0.0000000000	0.0000000000	0.5390429497	3.1889386177
[0]	2	309.5475945473	46.5585823059	6.4085330963	108.0101013184	0.0000000000	0.0000000000	0.0000000000	0.5491597652	3.1781828403
[0]	3	306.7825818062	38.0943069458	6.3784570694	108.7569351196	0.0000000000	0.0000000000	0.0000000000	0.5370166302	3.2824983597
[0]	4	295.0535953045	37.5335006714	6.3143396378	109.5512008667	0.0000000000	0.0000000000	0.0000000000	0.5266523361	3.2116990089
[0]	5	299.9981629848	43.1497535706	6.3000679016	108.8860626221	0.0000000000	0.0000000000	0.0000000000	0.5308473110	3.2163972855
[0]	6	300.8375818729	36.0669937134	6.2737350464	107.0533599854	0.0000000000	0.0000000000	0.0000000000	0.5635383129	3.2791533470
[0]	7	296.1633889675	35.8672714233	6.2904748917	109.4428024292	0.0000000000	0.0000000000	0.0000000000	0.5240769386	3.3091018200
[0]	8	307.6511428356	43.2949905396	6.2785778046	109.3117752075	0.0000000000	0.0000000000	0.0000000000	0.5356879234	3.2110447884
[0]	9	301.1715483665	44.3450012207	6.3759498596	108.0471954346	0.0000000000	0.0000000000	0.0000000000	0.5397496223	3.1797492504
[0]	10	300.8987669945	45.3498382568	6.2773089409	108.5036315918	0.0000000000	0.0000000000	0.0000000000	0.5574789047	3.2126765251
[0]	11	282.3624784946	34.5565719604	6.3875331879	107.0784988403	0.0000000000	0.0000000000	0.0000000000	0.5540001392	3.2677524090
[0]	12	299.9429898262	45.5540275574	6.3819303513	107.8125228882	0.0000000000	0.0000000000	0.0000000000	0.5527257919	3.1487262249
[0]	13	284.8287780285	37.9756393433	6.3036437035	108.1029815674	0.0000000000	0.0000000000	0.0000000000	0.5384144783	3.2877986431
[0]	14	295.9983460903	31.1363887787	6.3495016098	106.7954177856	0.0000000000	0.0000000000	0.0000000000	0.5643060207	3.2175023556
[0]	15	302.8581213951	45.8778648376	6.3302946091	108.9316024780	0.0000000000	0.0000000000	0.0000000000	0.5063948631	3.2525322437
[0]	16	300.3267993927	39.3521957397	6.2878274918	107.9141769409	0.0000000000	0.0000000000	0.0000000000	0.5460000038	3.1573121548
[0]	17	302.2200524807	50.0198249817	6.3440322876	109.6158218384	0.0000000000	0.0000000000	0.0000000000	0.5250566006	3.1836647987
[0]	18	276.6691594124	20.5344257355	6.2369637489	108.1777496338	0.0000000000	0.0000000000	0.0000000000	0.5381300449	3.3036191463
[0]	19	290.6098983288	40.0790138245	6.2857046127	109.8639144897	0.0000000000	0.0000000000	0.0000000000	0.5207772255	3.2550415993
[0]	20	289.7600367069	36.0833206177	6.2923326492	107.4377670288	0.0000000000	0.0000000000	0.0000000000	0.5538415909	3.2130680084
[0]	21	275.7253684998	21.7010040283	6.2374048233	109.7598114014	0.0000000000	0.0000000000	0.0000000000	0.5278882980	3.1764419079
[0]	22	285.0104904175	41.2062911987	6.3286104202	108.2062377930	0.0000000000	0.0000000000	0.0000000000	0.5494730473	3.1993885040
[0]	23	289.9640889168	36.3327484131	6.3238143921	107.3007888794	0.0000000000	0.0000000000	0.0000000000	0.5352191925	3.2165215015
[0]	24	368.0655491352	44.7104911804	6.3221092224	108.1249694824	0.0000000000	0.0000000000	0.0000000000	0.5362839699	3.2619817257
[0]	25	288.5184860229	42.2585105896	6.2742004395	109.1573638916	0.0000000000	0.0000000000	0.0000000000	0.4942905903	3.1861176491
[0]	26	293.3169431686	38.6810531616	6.3550167084	107.7608718872	0.0000000000	0.0000000000	0.0000000000	0.5519833565	3.1723952293
[0]	27	302.9195697308	31.7001991272	6.2295322418	108.5049819946	0.0000000000	0.0000000000	0.0000000000	0.5251264572	3.2514567375
[0]	28	305.7966320515	52.9000358582	6.2859969139	108.3537826538	0.0000000000	0.0000000000	0.0000000000	0.5334939957	3.2789983749
[0]	29	310.6745045185	48.7280921936	6.2713999748	109.2216110229	0.0000000000	0.0000000000	0.0000000000	0.5353958607	3.2629020214
[0]	30	312.3846359253	42.7032394409	6.3281593323	106.4134063721	0.0000000000	0.0000000000	0.0000000000	0.5885705948	3.2469558716
[0]	31	306.8939020634	49.7753868103	6.2978487015	105.9801559448	0.0000000000	0.0000000000	0.0000000000	0.5506217480	3.2538437843
[0]	32	302.4169418812	39.0423622131	6.3451671600	107.9154205322	0.0000000000	0.0000000000	0.0000000000	0.5593476295	3.1657845974
[0]	33	324.0625557899	54.9655494690	6.1916723251	109.5944061279	0.0000000000	0.0000000000	0.0000000000	0.5190863609	3.2355015278
[0]	34	300.4094438553	36.2184715271	6.2992277145	107.4423294067	0.0000000000	0.0000000000	0.0000000000	0.5604941845	3.1964468956
[0]	35	315.7462174892	44.1598968506	6.2486972809	107.5821685791	0.0000000000	0.0000000000	0.0000000000	0.5362002850	3.1969120502
[0]	36	313.4926314354	53.4932174683	6.2455267906	109.6238861084	0.0000000000	0.0000000000	0.0000000000	0.5383577347	3.2160034180
[0]	37	504.9660925865	221.4005584717	6.1850242615	109.6297836304	0.0000000000	0.0000000000	0.0000000000	0.5335016251	3.3062629700
[0]	38	607.0994305611	96.9158020020	6.2142071724	110.9639205933	0.0000000000	0.0000000000	0.0000000000	0.5051598549	3.3304822445
[0]	39	275.1048927307	29.3484058380	6.2911267281	110.0055999756	0.0000000000	0.0000000000	0.0000000000	0.4947216511	3.2297413349
[0]	40	286.7789676189	35.2047157288	6.3497123718	107.0529251099	0.0000000000	0.0000000000	0.0000000000	0.5463087559	3.2071726322
[0]	41	284.5444414616	35.3830108643	6.3252620697	107.8867263794	0.0000000000	0.0000000000	0.0000000000	0.5393507481	3.2006614208
[0]	42	286.0166983604	33.5968894958	6.2413029671	106.8905639648	0.0000000000	0.0000000000	0.0000000000	0.5513226986	3.1440060139
[0]	43	306.0800487995	44.8827629089	6.2492198944	109.9070510864	0.0000000000	0.0000000000	0.0000000000	0.5310740471	3.2207787037
[0]	44	311.9838647842	49.3219223022	6.2521924973	110.2208099365	0.0000000000	0.0000000000	0.0000000000	0.5185427666	3.2726423740
[0]	45	286.1474130154	29.0527400970	6.3057909012	109.7610549927	0.0000000000	0.0000000000	0.0000000000	0.5238709450	3.2075278759
[0]	46	286.7764165401	30.9229679108	6.2996492386	108.4886322021	0.0000000000	0.0000000000	0.0000000000	0.5316114426	3.1913959980
[0]	47	309.8980956078	49.3213310242	6.3582735062	108.9755859375	0.0000000000	0.0000000000	0.0000000000	0.5271098614	3.2555582523
[0]	48	300.7167217731	31.9561767578	6.3443727493	108.5304641724	0.0000000000	0.0000000000	0.0000000000	0.5291864872	3.2867498398
[0]	49	288.1197166443	35.1116142273	6.2920055389	108.0347747803	0.0000000000	0.0000000000	0.0000000000	0.5314230919	3.2793695927
[0]	50	295.5797948837	39.8871459961	6.3257284164	107.0862274170	0.0000000000	0.0000000000	0.0000000000	0.5466594696	3.1622102261
[0]	51	290.6059610844	39.3673324585	6.4095377922	108.4561691284	0.0000000000	0.0000000000	0.0000000000	0.5315580368	3.2528169155
[0]	52	276.0036709309	31.2229614258	6.2853546143	109.7038421631	0.0000000000	0.0000000000	0.0000000000	0.5063223839	3.1866178513
[0]	53	290.9413132668	42.0554504395	6.2614135742	108.3091964722	0.0000000000	0.0000000000	0.0000000000	0.5323824883	3.2669615746
[0]	54	313.0835978985	50.4485282898	6.2593669891	108.4832763672	0.0000000000	0.0000000000	0.0000000000	0.5296931267	3.2653610706
[0]	55	312.4354367256	54.7620048523	6.2906847000	109.6315765381	0.0000000000	0.0000000000	0.0000000000	0.5081639290	3.3026242256
[0]	56	280.8436930180	34.7152137756	6.2156190872	108.7334976196	0.0000000000	0.0000000000	0.0000000000	0.5076234341	3.2369263172
[0]	57	314.0292053223	49.0160026550	6.2715406418	108.7024765015	0.0000000000	0.0000000000	0.0000000000	0.5432887077	3.2563142776
[0]	58	309.6805586815	37.8034896851	6.2391700745	109.6564865112	0.0000000000	0.0000000000	0.0000000000	0.5265152454	3.3044440746
[0]	59	308.5681831837	38.0242080688	6.2584052086	109.0241851807	0.0000000000	0.0000000000	0.0000000000	0.5346896648	3.2852807045
[0]	60	285.5090746880	32.5216369629	6.3015823364	108.5170822144	0.0000000000	0.0000000000	0.0000000000	0.5145449638	3.2048158646
[0]	61	300.5994336605	41.0792236328	6.3038997650	110.1749496460	0.0000000000	0.0000000000	0.0000000000	0.5073001385	3.1923916340
[0]	62	291.8235626221	42.0843925476	6.3023233414	108.3948440552	0.0000000000	0.0000000000	0.0000000000	0.5374689102	3.2456490993
[0]	63	270.7623026371	23.2387981415	6.2792582512	109.5434341431	0.0000000000	0.0000000000	0.0000000000	0.4992625713	3.2042095661
[0]	64	279.7152378559	26.9801883698	6.2300052643	110.5335083008	0.0000000000	0.0000000000	0.0000000000	0.4956333637	3.1936123371
[0]	65	287.9795854092	34.1579475403	6.2624588013	108.3765258789	0.0000000000	0.0000000000	0.0000000000	0.5204014778	3.3358411789
[0]	66	276.8741583824	22.6653156281	6.2567772865	109.4859619141	0.0000000000	0.0000000000	0.0000000000	0.5194118023	3.1776969433
[0]	67	299.5008597374	34.7442779541	6.3058304787	107.4489288330	0.0000000000	0.0000000000	0.0000000000	0.5412914753	3.2304589748
[0]	68	284.4828042984	31.4673099518	6.3138408661	109.6959991455	0.0000000000	0.0000000000	0.0000000000	0.5041329861	3.2355513573
[0]	69	302.4955039024	25.4057483673	6.4080715179	107.4725418091	0.0000000000	0.0000000000	0.0000000000	0.5492088795	3.1534411907
[0]	70	289.1200594902	31.6734752655	6.3011331558	108.3084945679	0.0000000000	0.0000000000	0.0000000000	0.5392005444	3.1364688873
[0]	71	301.6715834141	25.5269298553	6.3846693039	106.6175308228	0.0000000000	0.0000000000	0.0000000000	0.5506038666	3.2114291191
[0]	72	274.8573257923	21.9047088623	6.2482271194	110.1540374756	0.0000000000	0.0000000000	0.0000000000	0.4939568043	3.2416064739
[0]	73	310.3298537731	35.6001472473	6.3067364693	108.0772018433	0.0000000000	0.0000000000	0.0000000000	0.5559911728	3.2031297684
[0]	74	304.2829866409	32.9319381714	6.2536120415	109.8431701660	0.0000000000	0.0000000000	0.0000000000	0.5174608231	3.2526881695
[0]	75	301.3495271206	41.1588134766	6.2920989990	107.7396087646	0.0000000000	0.0000000000	0.0000000000	0.5276713371	3.1570510864
[0]	76	308.1160781384	47.1358184814	6.2918205261	109.3377075195	0.0000000000	0.0000000000	0.0000000000	0.5280122757	3.2329607010
[0]	77	309.5086057186	27.4673709869	6.2962603569	108.2946929932	0.0000000000	0.0000000000	0.0000000000	0.5445475578	3.2858374119
[0]	78	273.5576214790	28.1383876801	6.2953462601	108.9490890503	0.0000000000	0.0000000000	0.0000000000	0.5186932087	3.2737734318
[0]	79	295.3240075111	33.2914619446	6.2747573853	108.9421463013	0.0000000000	0.0000000000	0.0000000000	0.5426623821	3.2711911201
