0.0000000000
0.0000000000
0.4880000000
0.4440000000
0.4280000000
0.4240000000
0.4400000000
0.4160000000
0.0000000000
0.0000000000
0.0000000000
0.0000000000
0.0000000000
0.0000000000
0.0000000000
0.0000000000
0.0000000000
0.0000000000
0.0000000000
0.0000000000
0.0000000000
0.4880000000
0.4880000000
0.4800000000
0.4480000000
0.4640000000
0.4720000000
0.4720000000
0.4720000000
0.4720000000
0.4800000000
0.4720000000
0.4560000000
0.4560000000
0.4560000000
0.4720000000
0.4560000000
0.4640000000
0.4560000000
0.4720000000
0.4800000000
0.4800000000
0.4480000000
0.4480000000
0.4560000000
0.4560000000
0.4560000000
0.4400000000
0.4560000000
0.4720000000
0.4560000000
0.4800000000
0.4400000000
0.0000000000
0.0000000000
0.0000000000
0.0000000000
0.0000000000
0.0000000000
0.0000000000
0.0000000000
0.0000000000
0.0000000000
0.0000000000
0.0000000000
0.0000000000
0.0000000000
0.0000000000
0.0000000000
0.0000000000
0.0000000000
0.0000000000
0.0000000000
0.0000000000
0.0000000000
0.0000000000
0.0000000000
0.0000000000
0.0000000000
0.0000000000
0.0000000000
0.0000000000
0.0000000000
0.0000000000
0.0000000000
0.0000000000
0.0000000000
0.0000000000
0.0000000000
0.0000000000
0.0000000000
0.0000000000
0.0000000000
0.0000000000
0.0000000000
0.0000000000
0.0000000000
0.0000000000
0.0000000000
0.0000000000
0.0000000000
0.0000000000
0.0000000000
0.0000000000
0.0000000000
0.0000000000
0.0000000000
0.0000000000
0.0000000000
0.0000000000
0.0000000000
