RANK	#EPOCH	EPOCH	IO	STAG	FW	BW	WU	ACC	LOG
[0]	0	383.2050783634	12.5076322556	7.5273127556	100.7574462891	0.0000000000	0.0000000000	0.0000000000	0.6217727661	0.0028522015
[0]	1	618.8292646408	5.0043964386	7.4999155998	97.5646362305	0.0000000000	0.0000000000	0.0000000000	0.6290147305	219.1426239014
[0]	2	616.2138490677	7.7310724258	7.3386697769	100.5323867798	0.0000000000	0.0000000000	0.0000000000	0.5897235870	215.6555938721
[0]	3	588.9826576710	11.7669010162	7.4667758942	97.4961318970	0.0000000000	0.0000000000	0.0000000000	0.6295828819	194.8561096191
[0]	4	583.1845462322	7.1810231209	7.4201745987	98.6966552734	0.0000000000	0.0000000000	0.0000000000	0.6104803085	194.5917358398
[0]	5	599.2035017014	7.2320475578	7.5632495880	96.5165023804	0.0000000000	0.0000000000	0.0000000000	0.6305003166	208.0257110596
[0]	6	572.6708691120	7.6124706268	7.3924069405	98.2576751709	0.0000000000	0.0000000000	0.0000000000	0.6170012951	200.7926025391
[0]	7	584.5065662861	7.3255586624	7.3691492081	99.5920562744	0.0000000000	0.0000000000	0.0000000000	0.6091647148	205.5594177246
[0]	8	591.5909802914	4.8050608635	7.2435512543	100.6585464478	0.0000000000	0.0000000000	0.0000000000	0.5631043911	202.8065185547
[0]	9	594.0571668148	11.2030534744	7.4043474197	98.7904205322	0.0000000000	0.0000000000	0.0000000000	0.6233193874	206.8723297119
[0]	10	563.3674113750	7.8370437622	7.4228529930	98.8005065918	0.0000000000	0.0000000000	0.0000000000	0.5911970139	189.4825897217
[0]	11	572.9833836555	3.7939126492	7.3492021561	98.4115371704	0.0000000000	0.0000000000	0.0000000000	0.5935122967	193.1388397217
[0]	12	616.1696681976	6.7142443657	7.4657182693	99.0502929688	0.0000000000	0.0000000000	0.0000000000	0.5935411453	192.0957641602
[0]	13	598.7766807079	3.5170593262	7.3896732330	99.2071838379	0.0000000000	0.0000000000	0.0000000000	0.5932378769	220.3553466797
[0]	14	593.2397568226	5.6188077927	7.3555593491	100.3359603882	0.0000000000	0.0000000000	0.0000000000	0.5828254223	199.3401336670
[0]	15	597.8095426559	7.3930530548	7.4385356903	97.0134429932	0.0000000000	0.0000000000	0.0000000000	0.6155436039	179.8292846680
[0]	16	620.0331470966	4.4188938141	7.6167087555	97.8578033447	0.0000000000	0.0000000000	0.0000000000	0.6047260761	226.6229400635
[0]	17	629.9718894958	4.0115022659	7.3682837486	98.2901229858	0.0000000000	0.0000000000	0.0000000000	0.6060121059	217.5832366943
[0]	18	610.8931343555	19.1444435120	7.5280647278	97.3239593506	0.0000000000	0.0000000000	0.0000000000	0.6465024948	213.8877868652
[0]	19	676.1844713688	21.2000789642	7.4320950508	98.8216705322	0.0000000000	0.0000000000	0.0000000000	0.6183776855	238.6489410400
[0]	20	1117.3791387081	26.1129150391	7.3540701866	101.8060684204	0.0000000000	0.0000000000	0.0000000000	0.5504126549	734.6599731445
[0]	21	563.7128851414	4.7942686081	7.4596252441	97.0978317261	0.0000000000	0.0000000000	0.0000000000	0.6475789547	192.3152770996
[0]	22	589.1713588238	4.5851135254	7.3688883781	97.4947586060	0.0000000000	0.0000000000	0.0000000000	0.6183891296	192.7442932129
[0]	23	589.1587455273	28.0633621216	7.2525386810	101.0692062378	0.0000000000	0.0000000000	0.0000000000	0.5699110031	184.8687744141
[0]	24	581.6424210072	3.6848480701	7.3524069786	98.5139770508	0.0000000000	0.0000000000	0.0000000000	0.5930831432	192.2275848389
[0]	25	580.1254711151	5.2232627869	7.4139952660	98.7148132324	0.0000000000	0.0000000000	0.0000000000	0.5985462666	190.7078552246
[0]	26	579.8061470985	9.7719793320	7.4162721634	98.9519119263	0.0000000000	0.0000000000	0.0000000000	0.5777051449	201.9382934570
[0]	27	559.3409912586	7.1091098785	7.4038391113	99.5853805542	0.0000000000	0.0000000000	0.0000000000	0.5719881058	190.9455108643
[0]	28	613.7809257507	11.2831087112	7.4291839600	99.2787246704	0.0000000000	0.0000000000	0.0000000000	0.5999865532	197.6940460205
[0]	29	583.1904075146	17.5243721008	7.3789815903	100.4352340698	0.0000000000	0.0000000000	0.0000000000	0.5861635208	188.5627136230
[0]	30	615.7251713276	7.6878623962	7.4281973839	98.4679336548	0.0000000000	0.0000000000	0.0000000000	0.6102945805	201.9514007568
[0]	31	582.6112411022	11.8376560211	7.3268017769	98.9009017944	0.0000000000	0.0000000000	0.0000000000	0.6075105667	195.7732696533
[0]	32	568.0121891499	4.9424095154	7.3677558899	100.6611022949	0.0000000000	0.0000000000	0.0000000000	0.5555653572	182.9552612305
[0]	33	545.9124701023	5.2009019852	7.6186647415	100.0131607056	0.0000000000	0.0000000000	0.0000000000	0.5539238453	171.8778839111
[0]	34	564.1650192738	3.9069080353	7.4052309990	100.5755157471	0.0000000000	0.0000000000	0.0000000000	0.5553781986	188.4258422852
[0]	35	587.8622062206	10.3806610107	7.4801831245	98.8874435425	0.0000000000	0.0000000000	0.0000000000	0.5840494633	197.7451171875
[0]	36	574.8698904514	4.7862749100	7.4497303963	96.7621154785	0.0000000000	0.0000000000	0.0000000000	0.6251358986	191.9165649414
[0]	37	574.7949495316	4.7077097893	7.3617839813	101.4202804565	0.0000000000	0.0000000000	0.0000000000	0.5452504158	200.1821441650
[0]	38	616.3700931072	5.1121387482	7.3917946815	98.5252227783	0.0000000000	0.0000000000	0.0000000000	0.6014616489	209.1462554932
[0]	39	599.1602632999	3.9142587185	7.4082956314	97.3922576904	0.0000000000	0.0000000000	0.0000000000	0.6329438686	187.1311340332
[0]	40	567.8324613571	11.2513637543	7.3981208801	100.7206039429	0.0000000000	0.0000000000	0.0000000000	0.5645627975	199.2576141357
[0]	41	576.6783442497	6.3200654984	7.3169865608	101.9821929932	0.0000000000	0.0000000000	0.0000000000	0.5537374020	199.6705474854
[0]	42	585.1774983406	5.8101854324	7.3877558708	99.0401382446	0.0000000000	0.0000000000	0.0000000000	0.5679647923	196.7678222656
[0]	43	550.9218003750	14.0171298981	7.2878246307	100.6782608032	0.0000000000	0.0000000000	0.0000000000	0.5485565662	184.4931030273
[0]	44	549.2906651497	5.0847568512	7.2684392929	103.6192245483	0.0000000000	0.0000000000	0.0000000000	0.5406126976	187.7775573730
[0]	45	529.0276477337	11.1302566528	7.4106388092	100.1400375366	0.0000000000	0.0000000000	0.0000000000	0.5845491886	169.8503875732
[0]	46	551.8539547920	7.4718637466	7.4915375710	101.0884170532	0.0000000000	0.0000000000	0.0000000000	0.5264430046	190.3640136719
[0]	47	539.2338836193	3.4532628059	7.3488368988	100.4052505493	0.0000000000	0.0000000000	0.0000000000	0.5528433323	172.2725524902
[0]	48	543.0857028961	4.2069606781	7.3462171555	101.5687713623	0.0000000000	0.0000000000	0.0000000000	0.5348253250	183.6349029541
[0]	49	538.0148484707	4.7073431015	7.3940863609	100.7044754028	0.0000000000	0.0000000000	0.0000000000	0.5407617092	167.2591552734
[0]	50	532.1805093288	4.3821048737	7.2809495926	103.4596786499	0.0000000000	0.0000000000	0.0000000000	0.5268456936	187.4632110596
[0]	51	568.5325825214	5.7984647751	7.3191404343	99.0003051758	0.0000000000	0.0000000000	0.0000000000	0.5945765972	203.1003723145
[0]	52	516.5320448875	5.3516659737	7.4713048935	101.0255737305	0.0000000000	0.0000000000	0.0000000000	0.5302042961	166.1014099121
[0]	53	536.7561912537	7.7292165756	7.5195617676	99.7205200195	0.0000000000	0.0000000000	0.0000000000	0.5511212349	178.7727508545
[0]	54	507.8315219879	3.4574460983	7.4110097885	103.0551910400	0.0000000000	0.0000000000	0.0000000000	0.4860892296	166.2245330811
[0]	55	511.5644397736	3.5169632435	7.2543458939	103.8996429443	0.0000000000	0.0000000000	0.0000000000	0.4690368176	167.7222595215
[0]	56	505.3795173168	3.5674655437	7.5118455887	103.5139007568	0.0000000000	0.0000000000	0.0000000000	0.4840071201	164.1353302002
[0]	57	514.6065123081	4.0087013245	7.2736887932	106.3068389893	0.0000000000	0.0000000000	0.0000000000	0.4810507298	167.7091979980
[0]	58	552.0575847626	3.7010109425	7.1800231934	103.5998077393	0.0000000000	0.0000000000	0.0000000000	0.4897181988	197.9608001709
[0]	59	552.4059545994	3.5544800758	7.2448253632	103.0823287964	0.0000000000	0.0000000000	0.0000000000	0.4923722744	201.4485778809
[0]	60	535.2975499630	4.4426336288	7.2848443985	101.5297546387	0.0000000000	0.0000000000	0.0000000000	0.5231919289	177.3054809570
[0]	61	540.2811927795	3.5178780556	7.2715196609	102.8007965088	0.0000000000	0.0000000000	0.0000000000	0.4846932888	183.8018493652
[0]	62	533.8489871025	3.5291140079	7.1883888245	104.0855865479	0.0000000000	0.0000000000	0.0000000000	0.4841756821	177.7193908691
[0]	63	525.7019426823	4.2525162697	7.1706085205	103.9176177979	0.0000000000	0.0000000000	0.0000000000	0.4900109768	177.4293060303
[0]	64	539.2784361839	3.5631620884	7.3128252029	102.4988555908	0.0000000000	0.0000000000	0.0000000000	0.5152378082	178.8475952148
[0]	65	546.1420660019	5.0194721222	7.3834433556	105.1314392090	0.0000000000	0.0000000000	0.0000000000	0.4788055420	196.1525268555
[0]	66	528.4466526508	3.6299498081	7.3012886047	102.4801025391	0.0000000000	0.0000000000	0.0000000000	0.5045139790	180.1815338135
[0]	67	961.8812303543	48.7853698730	7.3597383499	99.7690887451	0.0000000000	0.0000000000	0.0000000000	0.5503256321	178.2581787109
[0]	68	532.8003468513	3.3849539757	7.1138658524	108.3059921265	0.0000000000	0.0000000000	0.0000000000	0.4672451019	187.8703918457
[0]	69	506.9345707893	3.5341408253	7.3515939713	102.5331192017	0.0000000000	0.0000000000	0.0000000000	0.4849219322	162.4188385010
[0]	70	524.7158467770	3.6245317459	7.2322607040	104.2041015625	0.0000000000	0.0000000000	0.0000000000	0.4883470535	178.7134704590
[0]	71	519.5697839260	4.1932234764	7.1989927292	105.0868301392	0.0000000000	0.0000000000	0.0000000000	0.4907777309	171.9598236084
[0]	72	519.4378125668	3.9501531124	7.3326425552	103.0397338867	0.0000000000	0.0000000000	0.0000000000	0.5034446716	171.4590301514
[0]	73	517.7686328888	3.5262713432	7.2215909958	103.8236541748	0.0000000000	0.0000000000	0.0000000000	0.4843370914	172.8323669434
