RANK	#EPOCH	EPOCH	IO	STAG	FW	BW	WU	ACC	LOG
[0]	0	374.1401720047	4.6415958405	7.6142387390	104.0590438843	0.0000000000	0.0000000000	0.0000000000	0.5816781521	4.2413578033
[0]	1	410.9755198956	12.3698158264	7.5562596321	97.6281280518	0.0000000000	0.0000000000	0.0000000000	0.6797633171	3.9117202759
[0]	2	408.4957172871	6.0722293854	7.6439447403	95.8884277344	0.0000000000	0.0000000000	0.0000000000	0.7120754719	3.7591531277
[0]	3	428.7552328110	20.7210845947	7.5093364716	96.2042541504	0.0000000000	0.0000000000	0.0000000000	0.7202956676	3.8125638962
[0]	4	396.8952968121	4.3039474487	7.4555821419	95.9268112183	0.0000000000	0.0000000000	0.0000000000	0.7141954899	3.7786731720
[0]	5	404.2725305557	6.3208732605	7.4078702927	97.1340789795	0.0000000000	0.0000000000	0.0000000000	0.6916275024	3.9174599648
[0]	6	396.9272198677	8.3824834824	7.5698947906	98.0785980225	0.0000000000	0.0000000000	0.0000000000	0.6622061729	4.0143008232
[0]	7	403.0256748199	6.4814929962	7.4975547791	96.9947128296	0.0000000000	0.0000000000	0.0000000000	0.6942954063	4.0755929947
[0]	8	398.0705049038	10.9785747528	7.3958086967	99.6345291138	0.0000000000	0.0000000000	0.0000000000	0.6746385098	4.2110528946
[0]	9	391.0267024040	8.5972442627	7.7080249786	96.3819732666	0.0000000000	0.0000000000	0.0000000000	0.7031438351	4.1122236252
[0]	10	398.5164515972	11.7663326263	7.5298128128	96.3372116089	0.0000000000	0.0000000000	0.0000000000	0.7238149643	4.1197633743
[0]	11	384.2065410614	10.3305959702	7.4274430275	96.4725265503	0.0000000000	0.0000000000	0.0000000000	0.7216622829	4.1128835678
[0]	12	392.9390289783	2.9608659744	7.4734973907	98.2482528687	0.0000000000	0.0000000000	0.0000000000	0.6662237644	4.1836252213
[0]	13	404.4826583862	8.3157453537	7.5618939400	96.6470870972	0.0000000000	0.0000000000	0.0000000000	0.7118663788	4.0969657898
[0]	14	396.5948891640	9.3739423752	7.4543542862	98.0268630981	0.0000000000	0.0000000000	0.0000000000	0.6829800606	4.2052860260
[0]	15	376.9483203888	7.3084635735	7.5689754486	99.1361618042	0.0000000000	0.0000000000	0.0000000000	0.6410441399	4.1479249001
[0]	16	390.0037205219	6.2145438194	7.4836158752	96.6678924561	0.0000000000	0.0000000000	0.0000000000	0.7184917927	4.1485853195
[0]	17	377.1553404331	4.7117419243	7.4021568298	99.5674438477	0.0000000000	0.0000000000	0.0000000000	0.6402370930	4.2011098862
[0]	18	383.2427999973	3.0367577076	7.4577665329	96.6536788940	0.0000000000	0.0000000000	0.0000000000	0.7105274200	4.1660671234
[0]	19	460.0118227005	4.1967191696	7.4883713722	97.3252563477	0.0000000000	0.0000000000	0.0000000000	0.6902813911	4.1597003937
[0]	20	386.1343054771	8.7288141251	7.5650539398	97.6434173584	0.0000000000	0.0000000000	0.0000000000	0.6773092747	4.1548929214
[0]	21	405.7877399921	8.7037410736	7.5384898186	97.3421478271	0.0000000000	0.0000000000	0.0000000000	0.6977224350	4.1767187119
[0]	22	401.2360503674	17.9269809723	7.4907903671	98.7973556519	0.0000000000	0.0000000000	0.0000000000	0.6594693661	4.2252759933
[0]	23	410.8063447475	4.0248856544	7.4218215942	97.6303405762	0.0000000000	0.0000000000	0.0000000000	0.6671204567	4.1934986115
[0]	24	397.5660309792	7.0646076202	7.3800501823	96.2212142944	0.0000000000	0.0000000000	0.0000000000	0.6940791607	4.0661454201
[0]	25	407.2380208969	5.9017424583	7.5334749222	96.6375656128	0.0000000000	0.0000000000	0.0000000000	0.7007422447	4.1328601837
[0]	26	429.3253693581	5.5714092255	7.3723239899	98.1247406006	0.0000000000	0.0000000000	0.0000000000	0.6704816818	4.1779489517
[0]	27	397.9170360565	4.9824590683	7.5113925934	95.7610931396	0.0000000000	0.0000000000	0.0000000000	0.7071702480	4.0946602821
[0]	28	406.9980347157	4.0502476692	7.5312004089	96.3729095459	0.0000000000	0.0000000000	0.0000000000	0.6972782612	4.1405234337
[0]	29	509.0692739487	6.4154496193	7.4595952034	97.3801345825	0.0000000000	0.0000000000	0.0000000000	0.6885194778	4.1577463150
[0]	30	747.3155162334	14.9697504044	7.4979834557	99.1895446777	0.0000000000	0.0000000000	0.0000000000	0.6416933537	4.1461639404
[0]	31	370.9117298126	3.1264996529	7.3863921165	98.9880294800	0.0000000000	0.0000000000	0.0000000000	0.6576366425	4.1857590675
[0]	32	375.4762477875	4.4691596031	7.5424814224	96.8043060303	0.0000000000	0.0000000000	0.0000000000	0.7104079723	4.1895222664
[0]	33	383.9935462475	7.2541022301	7.4110240936	96.7217254639	0.0000000000	0.0000000000	0.0000000000	0.7041213512	4.1789474487
[0]	34	402.9424066544	4.3042149544	7.4074378014	97.4818878174	0.0000000000	0.0000000000	0.0000000000	0.6847481728	4.1462130547
[0]	35	414.3209962845	3.2476918697	7.4315128326	97.3972396851	0.0000000000	0.0000000000	0.0000000000	0.6669449806	4.1036939621
[0]	36	379.1895239353	3.3553466797	7.4214420319	98.0669479370	0.0000000000	0.0000000000	0.0000000000	0.6679878235	4.1643767357
[0]	37	403.2776186466	3.4426350594	7.4874124527	96.3099822998	0.0000000000	0.0000000000	0.0000000000	0.7083523273	4.1188502312
[0]	38	395.5988457203	10.5950622559	7.4817924500	98.4813613892	0.0000000000	0.0000000000	0.0000000000	0.6708073616	4.1956067085
[0]	39	394.6874074936	6.3048868179	7.5730543137	96.8989486694	0.0000000000	0.0000000000	0.0000000000	0.7057142258	4.1881780624
[0]	40	380.0145802498	4.1312446594	7.5351419449	96.7005310059	0.0000000000	0.0000000000	0.0000000000	0.6940259933	4.0978250504
[0]	41	371.9628934860	3.4440252781	7.5489335060	98.9209060669	0.0000000000	0.0000000000	0.0000000000	0.6427359581	4.1802587509
[0]	42	400.7875471115	5.2539196014	7.5377292633	96.9015731812	0.0000000000	0.0000000000	0.0000000000	0.6867647171	4.1316208839
[0]	43	416.3994200230	8.9745311737	7.4167556763	97.6983489990	0.0000000000	0.0000000000	0.0000000000	0.6905424595	4.1397323608
[0]	44	398.4255855083	10.7045850754	7.5222616196	98.5303649902	0.0000000000	0.0000000000	0.0000000000	0.6467225552	4.1650533676
[0]	45	417.3679356575	6.1052956581	7.6626830101	97.4277648926	0.0000000000	0.0000000000	0.0000000000	0.6705055237	4.1064348221
[0]	46	425.7074549198	7.6582431793	7.6203274727	96.7614898682	0.0000000000	0.0000000000	0.0000000000	0.6954660416	4.1417613029
[0]	47	381.6550550461	5.5627336502	7.3468790054	99.1429367065	0.0000000000	0.0000000000	0.0000000000	0.6473689079	4.1630029678
[0]	48	390.8562915325	3.0928118229	7.4378509521	97.9521179199	0.0000000000	0.0000000000	0.0000000000	0.6577036381	4.1276988983
[0]	49	380.0342419147	3.0187506676	7.4595189095	100.3971023560	0.0000000000	0.0000000000	0.0000000000	0.6116933823	4.1777219772
[0]	50	381.7537119389	4.5592355728	7.4991970062	100.3769683838	0.0000000000	0.0000000000	0.0000000000	0.6079339981	4.1853189468
[0]	51	382.6869857311	7.0915355682	7.5634431839	97.2670288086	0.0000000000	0.0000000000	0.0000000000	0.6624286175	4.1194100380
[0]	52	394.5789396763	9.4579639435	7.4244756699	100.2098236084	0.0000000000	0.0000000000	0.0000000000	0.6427953243	4.2625999451
[0]	53	404.7919065952	3.8633067608	7.5680208206	97.8780975342	0.0000000000	0.0000000000	0.0000000000	0.6629798412	4.1621580124
[0]	54	386.5515882969	5.4199357033	7.4107918739	99.2435607910	0.0000000000	0.0000000000	0.0000000000	0.6594085693	4.2448596954
[0]	55	397.1921043396	4.5428004265	7.4584398270	96.5046157837	0.0000000000	0.0000000000	0.0000000000	0.6933996677	4.0913982391
[0]	56	390.3747248650	9.4968671799	7.4519691467	98.2587890625	0.0000000000	0.0000000000	0.0000000000	0.6657025814	4.1620969772
[0]	57	418.6256101131	12.2399387360	7.4103412628	99.5073928833	0.0000000000	0.0000000000	0.0000000000	0.6464097500	4.2462806702
[0]	58	411.5474064350	11.8736543655	7.5730772018	99.1095199585	0.0000000000	0.0000000000	0.0000000000	0.6388614178	4.1686096191
[0]	59	418.6594300270	22.3920898438	7.4805831909	97.5448379517	0.0000000000	0.0000000000	0.0000000000	0.6785242558	4.1156530380
[0]	60	380.7735512257	4.5430927277	7.5413618088	98.9234542847	0.0000000000	0.0000000000	0.0000000000	0.6357223988	4.1287846565
[0]	61	394.4143662453	10.3585586548	7.5109324455	97.9858474731	0.0000000000	0.0000000000	0.0000000000	0.6649670601	4.1317000389
[0]	62	393.1486041546	3.1545336246	7.4366216660	97.9557189941	0.0000000000	0.0000000000	0.0000000000	0.6789777279	4.1335964203
[0]	63	394.5281293392	7.2479782104	7.3891744614	100.3676223755	0.0000000000	0.0000000000	0.0000000000	0.6333434582	4.2381091118
[0]	64	377.2320401669	3.1455891132	7.4536762238	97.5232543945	0.0000000000	0.0000000000	0.0000000000	0.6793549061	4.1344909668
[0]	65	388.5948131084	16.6589431763	7.4432420731	96.6636657715	0.0000000000	0.0000000000	0.0000000000	0.6840457916	4.1046800613
[0]	66	363.7088773251	4.2105360031	7.7077417374	99.2617111206	0.0000000000	0.0000000000	0.0000000000	0.6153333187	4.1378703117
[0]	67	369.2557182312	6.1423120499	7.3829803467	97.7053909302	0.0000000000	0.0000000000	0.0000000000	0.6701927185	4.1028070450
[0]	68	390.2403695583	3.7287578583	7.5319852829	99.0349578857	0.0000000000	0.0000000000	0.0000000000	0.6446990967	4.1290473938
[0]	69	376.3713741302	6.0176877975	7.3788847923	99.7834701538	0.0000000000	0.0000000000	0.0000000000	0.6079642773	4.1266498566
[0]	70	372.4428913593	3.2240672112	7.2922458649	104.4394760132	0.0000000000	0.0000000000	0.0000000000	0.5818510056	4.4032974243
[0]	71	369.6135470867	5.8401069641	7.3560752869	101.0192337036	0.0000000000	0.0000000000	0.0000000000	0.6422417164	4.2831115723
[0]	72	375.9964406490	4.6935167313	7.3617706299	100.5289459229	0.0000000000	0.0000000000	0.0000000000	0.6076855659	4.1493334770
[0]	73	375.0832731724	2.9266226292	7.3612852097	102.1283798218	0.0000000000	0.0000000000	0.0000000000	0.5879640579	4.2242083549
[0]	74	377.5927782059	3.1718828678	7.3355550766	100.1521453857	0.0000000000	0.0000000000	0.0000000000	0.6327943802	4.2033691406
[0]	75	354.5679876804	3.2262899876	7.2970938683	102.4571304321	0.0000000000	0.0000000000	0.0000000000	0.5720500946	4.2586946487
[0]	76	373.5160970688	3.3850419521	7.3824987411	99.7210464478	0.0000000000	0.0000000000	0.0000000000	0.6451182365	4.1763372421
[0]	77	370.2528057098	3.8441622257	7.3151350021	101.2232818604	0.0000000000	0.0000000000	0.0000000000	0.5844361782	4.1648535728
[0]	78	361.0286035538	3.6760914326	7.4620752335	98.1027984619	0.0000000000	0.0000000000	0.0000000000	0.6562674046	4.1050281525
[0]	79	365.3909928799	3.0985457897	7.4373769760	99.7187347412	0.0000000000	0.0000000000	0.0000000000	0.6236531734	4.1462841034
